Could not read previous export (for caching), doing full export.
Renaming button_copy_22 -> button_copy_22-2
Renaming x -> x-2
Renaming 1 -> 
Renaming 2 -> -2
Keyboard_Button_close: Exporting image
Search_Field: Exporting image
Bar: Exporting image
Footer: Exporting image
OK: Exporting image
button_copy_22: Exporting image
button_copy_22: Exporting image
Green: Exporting image
Blue_Button_: Exporting image
Blue: Exporting image
SUB_NAV: Exporting image
Panel_copy_9: Exporting image
Brand_mast_big: Exporting image
Group_9: Exporting image
bg_copy_2: Exporting image
25 views changed
Success: /Users/kshalloo/Documents/GitHub/KieranShalloo.github.io/Sony_Keyboard.framer/imported/09_2@1x
